<?xml version="1.0" encoding="UTF-8"?>
<testng-results ignored="0" total="1" passed="1" failed="0" skipped="0">
  <reporter-output>
  </reporter-output>
  <suite started-at="2022-12-05T11:02:10 IST" name="Default suite" finished-at="2022-12-05T11:03:21 IST" duration-ms="70920">
    <groups>
    </groups>
    <test started-at="2022-12-05T11:02:10 IST" name="Default test" finished-at="2022-12-05T11:03:21 IST" duration-ms="70920">
      <class name="Com.Amazon.QA.TestCases.TC_001">
        <test-method is-config="true" signature="generateReports()[pri:0, instance:Com.Amazon.QA.TestCases.TC_001@4f80542f]" started-at="2022-12-05T11:02:10 IST" name="generateReports" finished-at="2022-12-05T11:02:10 IST" duration-ms="505" status="PASS">
          <reporter-output>
          </reporter-output>
        </test-method> <!-- generateReports -->
        <test-method is-config="true" signature="beforeClass()[pri:0, instance:Com.Amazon.QA.TestCases.TC_001@4f80542f]" started-at="2022-12-05T11:02:10 IST" name="beforeClass" finished-at="2022-12-05T11:02:17 IST" duration-ms="6813" status="PASS">
          <reporter-output>
          </reporter-output>
        </test-method> <!-- beforeClass -->
        <test-method is-config="true" signature="Methodname(java.lang.reflect.Method)[pri:0, instance:Com.Amazon.QA.TestCases.TC_001@4f80542f]" started-at="2022-12-05T11:02:17 IST" name="Methodname" finished-at="2022-12-05T11:02:17 IST" duration-ms="7" status="PASS">
          <params>
            <param index="0">
              <value>
                <![CDATA[public void Com.Amazon.QA.TestCases.TC_001.tc_001() throws java.lang.Exception]]>
              </value>
            </param>
          </params>
          <reporter-output>
          </reporter-output>
        </test-method> <!-- Methodname -->
        <test-method signature="tc_001()[pri:0, instance:Com.Amazon.QA.TestCases.TC_001@4f80542f]" started-at="2022-12-05T11:02:17 IST" name="tc_001" finished-at="2022-12-05T11:03:20 IST" duration-ms="62869" status="PASS">
          <reporter-output>
          </reporter-output>
        </test-method> <!-- tc_001 -->
        <test-method is-config="true" signature="afterClass()[pri:0, instance:Com.Amazon.QA.TestCases.TC_001@4f80542f]" started-at="2022-12-05T11:03:20 IST" name="afterClass" finished-at="2022-12-05T11:03:21 IST" duration-ms="682" status="PASS">
          <reporter-output>
          </reporter-output>
        </test-method> <!-- afterClass -->
      </class> <!-- Com.Amazon.QA.TestCases.TC_001 -->
    </test> <!-- Default test -->
  </suite> <!-- Default suite -->
</testng-results>
